<?xml version="1.0" encoding="UTF-8"?>
<testng-results skipped="0" failed="0" ignored="0" total="5" passed="5">
  <reporter-output>
  </reporter-output>
  <suite name="All Test Suite" duration-ms="4187" started-at="2020-11-30T23:33:01 IST" finished-at="2020-11-30T23:33:06 IST">
    <groups>
    </groups>
    <test name="D:/SDETVideoGame/src/test/java/testcases" duration-ms="4187" started-at="2020-11-30T23:33:01 IST" finished-at="2020-11-30T23:33:06 IST">
      <class name="testcases.VedioGameTestCases">
        <test-method status="PASS" signature="getAllVedioGame()[pri:1, instance:testcases.VedioGameTestCases@18ce0030]" name="getAllVedioGame" duration-ms="1982" started-at="2020-11-30T23:33:01 IST" finished-at="2020-11-30T23:33:03 IST">
          <reporter-output>
          </reporter-output>
        </test-method> <!-- getAllVedioGame -->
        <test-method status="PASS" signature="PostAddNewVedioGame()[pri:2, instance:testcases.VedioGameTestCases@18ce0030]" name="PostAddNewVedioGame" duration-ms="694" started-at="2020-11-30T23:33:03 IST" finished-at="2020-11-30T23:33:04 IST">
          <reporter-output>
          </reporter-output>
        </test-method> <!-- PostAddNewVedioGame -->
        <test-method status="PASS" signature="getVedioGameById()[pri:3, instance:testcases.VedioGameTestCases@18ce0030]" name="getVedioGameById" duration-ms="1317" started-at="2020-11-30T23:33:04 IST" finished-at="2020-11-30T23:33:05 IST">
          <reporter-output>
          </reporter-output>
        </test-method> <!-- getVedioGameById -->
        <test-method status="PASS" signature="updateVedioGame()[pri:4, instance:testcases.VedioGameTestCases@18ce0030]" name="updateVedioGame" duration-ms="106" started-at="2020-11-30T23:33:05 IST" finished-at="2020-11-30T23:33:06 IST">
          <reporter-output>
          </reporter-output>
        </test-method> <!-- updateVedioGame -->
        <test-method status="PASS" signature="DeleteVedioGame()[pri:5, instance:testcases.VedioGameTestCases@18ce0030]" name="DeleteVedioGame" duration-ms="37" started-at="2020-11-30T23:33:06 IST" finished-at="2020-11-30T23:33:06 IST">
          <reporter-output>
          </reporter-output>
        </test-method> <!-- DeleteVedioGame -->
      </class> <!-- testcases.VedioGameTestCases -->
    </test> <!-- D:/SDETVideoGame/src/test/java/testcases -->
  </suite> <!-- All Test Suite -->
</testng-results>
