<?xml version="1.0" encoding="UTF-8"?>
<testsuite xmlns:xsi="http://www.w3.org/2001/XMLSchema-instance" xsi:noNamespaceSchemaLocation="https://maven.apache.org/surefire/maven-surefire-plugin/xsd/surefire-test-report.xsd" name="TestSuite" time="6.06" tests="5" errors="0" skipped="0" failures="0">
  <properties>
[...]
</properties>
  <testcase name="getAllVedioGame" classname="testcases.VedioGameTestCases" time="1.983"/>
  <testcase name="PostAddNewVedioGame" classname="testcases.VedioGameTestCases" time="0.693"/>
  <testcase name="getVedioGameById" classname="testcases.VedioGameTestCases" time="1.318"/>
  <testcase name="updateVedioGame" classname="testcases.VedioGameTestCases" time="0.108"/>
  <testcase name="DeleteVedioGame" classname="testcases.VedioGameTestCases" time="0.044"/>
</testsuite>